This file contains any messages produced by compilers while
running configure, to aid debugging if configure makes a mistake.

It was created by lrxmms2 configure 0.1, which was
generated by GNU Autoconf 2.68.  Invocation command line was

  $ /home/master/workspace/lrxmms2/configure --enable-maintainer-mode CFLAGS=-g -O0 CXXFLAGS=-g -O0 JFLAGS=-g -O0 FFLAGS=-g -O0 --no-create --no-recursion

## --------- ##
## Platform. ##
## --------- ##

hostname = master-laptop
uname -m = x86_64
uname -r = 3.0.0-12-generic
uname -s = Linux
uname -v = #20-Ubuntu SMP Fri Oct 7 14:56:25 UTC 2011

/usr/bin/uname -p = unknown
/bin/uname -X     = unknown

/bin/arch              = unknown
/usr/bin/arch -k       = unknown
/usr/convex/getsysinfo = unknown
/usr/bin/hostinfo      = unknown
/bin/machine           = unknown
/usr/bin/oslevel       = unknown
/bin/universe          = unknown

PATH: /usr/lib/lightdm/lightdm
PATH: /usr/local/sbin
PATH: /usr/local/bin
PATH: /usr/sbin
PATH: /usr/bin
PATH: /sbin
PATH: /bin
PATH: /usr/games


## ----------- ##
## Core tests. ##
## ----------- ##

configure:2291: checking for a BSD-compatible install
configure:2359: result: /usr/bin/install -c
configure:2370: checking whether build environment is sane
configure:2420: result: yes
configure:2561: checking for a thread-safe mkdir -p
configure:2600: result: /bin/mkdir -p
configure:2613: checking for gawk
configure:2643: result: no
configure:2613: checking for mawk
configure:2629: found /usr/bin/mawk
configure:2640: result: mawk
configure:2651: checking whether make sets $(MAKE)
configure:2673: result: yes
configure:2815: checking for gcc
configure:2831: found /usr/bin/gcc
configure:2842: result: gcc
configure:3071: checking for C compiler version
configure:3080: gcc --version >&5
gcc (Ubuntu/Linaro 4.6.1-9ubuntu3) 4.6.1
Copyright (C) 2011 Free Software Foundation, Inc.
This is free software; see the source for copying conditions.  There is NO
warranty; not even for MERCHANTABILITY or FITNESS FOR A PARTICULAR PURPOSE.

configure:3091: $? = 0
configure:3080: gcc -v >&5
Using built-in specs.
COLLECT_GCC=gcc
COLLECT_LTO_WRAPPER=/usr/lib/gcc/x86_64-linux-gnu/4.6.1/lto-wrapper
Target: x86_64-linux-gnu
Configured with: ../src/configure -v --with-pkgversion='Ubuntu/Linaro 4.6.1-9ubuntu3' --with-bugurl=file:///usr/share/doc/gcc-4.6/README.Bugs --enable-languages=c,c++,fortran,objc,obj-c++,go --prefix=/usr --program-suffix=-4.6 --enable-shared --enable-linker-build-id --with-system-zlib --libexecdir=/usr/lib --without-included-gettext --enable-threads=posix --with-gxx-include-dir=/usr/include/c++/4.6 --libdir=/usr/lib --enable-nls --with-sysroot=/ --enable-clocale=gnu --enable-libstdcxx-debug --enable-libstdcxx-time=yes --enable-plugin --enable-objc-gc --disable-werror --with-arch-32=i686 --with-tune=generic --enable-checking=release --build=x86_64-linux-gnu --host=x86_64-linux-gnu --target=x86_64-linux-gnu
Thread model: posix
gcc version 4.6.1 (Ubuntu/Linaro 4.6.1-9ubuntu3) 
configure:3091: $? = 0
configure:3080: gcc -V >&5
gcc: error: unrecognized option '-V'
gcc: fatal error: no input files
compilation terminated.
configure:3091: $? = 4
configure:3080: gcc -qversion >&5
gcc: error: unrecognized option '-qversion'
gcc: fatal error: no input files
compilation terminated.
configure:3091: $? = 4
configure:3111: checking whether the C compiler works
configure:3133: gcc -g -O0   conftest.c  >&5
configure:3137: $? = 0
configure:3185: result: yes
configure:3188: checking for C compiler default output file name
configure:3190: result: a.out
configure:3196: checking for suffix of executables
configure:3203: gcc -o conftest -g -O0   conftest.c  >&5
configure:3207: $? = 0
configure:3229: result: 
configure:3251: checking whether we are cross compiling
configure:3259: gcc -o conftest -g -O0   conftest.c  >&5
configure:3263: $? = 0
configure:3270: ./conftest
configure:3274: $? = 0
configure:3289: result: no
configure:3294: checking for suffix of object files
configure:3316: gcc -c -g -O0  conftest.c >&5
configure:3320: $? = 0
configure:3341: result: o
configure:3345: checking whether we are using the GNU C compiler
configure:3364: gcc -c -g -O0  conftest.c >&5
configure:3364: $? = 0
configure:3373: result: yes
configure:3382: checking whether gcc accepts -g
configure:3402: gcc -c -g  conftest.c >&5
configure:3402: $? = 0
configure:3443: result: yes
configure:3460: checking for gcc option to accept ISO C89
configure:3524: gcc  -c -g -O0  conftest.c >&5
configure:3524: $? = 0
configure:3537: result: none needed
configure:3568: checking for style of include used by make
configure:3596: result: GNU
configure:3621: checking dependency style of gcc
configure:3731: result: gcc3
configure:3751: checking whether NLS is requested
configure:3760: result: yes
configure:3776: checking for intltool >= 0.35.0
configure:3783: result: 0.41.1 found
configure:3791: checking for intltool-update
configure:3809: found /usr/bin/intltool-update
configure:3821: result: /usr/bin/intltool-update
configure:3831: checking for intltool-merge
configure:3849: found /usr/bin/intltool-merge
configure:3861: result: /usr/bin/intltool-merge
configure:3871: checking for intltool-extract
configure:3889: found /usr/bin/intltool-extract
configure:3901: result: /usr/bin/intltool-extract
configure:4032: checking for xgettext
configure:4050: found /usr/bin/xgettext
configure:4062: result: /usr/bin/xgettext
configure:4072: checking for msgmerge
configure:4090: found /usr/bin/msgmerge
configure:4102: result: /usr/bin/msgmerge
configure:4112: checking for msgfmt
configure:4130: found /usr/bin/msgfmt
configure:4142: result: /usr/bin/msgfmt
configure:4152: checking for gmsgfmt
configure:4183: result: /usr/bin/msgfmt
configure:4203: checking for perl
configure:4221: found /usr/bin/perl
configure:4233: result: /usr/bin/perl
configure:4244: checking for perl >= 5.8.1
configure:4251: result: 5.12.4
configure:4255: checking for XML::Parser
configure:4258: result: ok
configure:4283: gcc -o conftest -g -O0   conftest.c  >&5
configure:4283: $? = 0
configure:4323: checking how to run the C preprocessor
configure:4354: gcc -E  conftest.c
configure:4354: $? = 0
configure:4368: gcc -E  conftest.c
conftest.c:12:28: fatal error: ac_nonexistent.h: No such file or directory
compilation terminated.
configure:4368: $? = 1
configure: failed program was:
| /* confdefs.h */
| #define PACKAGE_NAME "lrxmms2"
| #define PACKAGE_TARNAME "lrxmms2"
| #define PACKAGE_VERSION "0.1"
| #define PACKAGE_STRING "lrxmms2 0.1"
| #define PACKAGE_BUGREPORT ""
| #define PACKAGE_URL ""
| #define PACKAGE "lrxmms2"
| #define VERSION "0.1"
| #define GETTEXT_PACKAGE "lrxmms2"
| /* end confdefs.h.  */
| #include <ac_nonexistent.h>
configure:4393: result: gcc -E
configure:4413: gcc -E  conftest.c
configure:4413: $? = 0
configure:4427: gcc -E  conftest.c
conftest.c:12:28: fatal error: ac_nonexistent.h: No such file or directory
compilation terminated.
configure:4427: $? = 1
configure: failed program was:
| /* confdefs.h */
| #define PACKAGE_NAME "lrxmms2"
| #define PACKAGE_TARNAME "lrxmms2"
| #define PACKAGE_VERSION "0.1"
| #define PACKAGE_STRING "lrxmms2 0.1"
| #define PACKAGE_BUGREPORT ""
| #define PACKAGE_URL ""
| #define PACKAGE "lrxmms2"
| #define VERSION "0.1"
| #define GETTEXT_PACKAGE "lrxmms2"
| /* end confdefs.h.  */
| #include <ac_nonexistent.h>
configure:4456: checking for grep that handles long lines and -e
configure:4514: result: /bin/grep
configure:4519: checking for egrep
configure:4581: result: /bin/grep -E
configure:4586: checking for ANSI C header files
configure:4606: gcc -c -g -O0  conftest.c >&5
configure:4606: $? = 0
configure:4679: gcc -o conftest -g -O0   conftest.c  >&5
configure:4679: $? = 0
configure:4679: ./conftest
configure:4679: $? = 0
configure:4690: result: yes
configure:4703: checking for sys/types.h
configure:4703: gcc -c -g -O0  conftest.c >&5
configure:4703: $? = 0
configure:4703: result: yes
configure:4703: checking for sys/stat.h
configure:4703: gcc -c -g -O0  conftest.c >&5
configure:4703: $? = 0
configure:4703: result: yes
configure:4703: checking for stdlib.h
configure:4703: gcc -c -g -O0  conftest.c >&5
configure:4703: $? = 0
configure:4703: result: yes
configure:4703: checking for string.h
configure:4703: gcc -c -g -O0  conftest.c >&5
configure:4703: $? = 0
configure:4703: result: yes
configure:4703: checking for memory.h
configure:4703: gcc -c -g -O0  conftest.c >&5
configure:4703: $? = 0
configure:4703: result: yes
configure:4703: checking for strings.h
configure:4703: gcc -c -g -O0  conftest.c >&5
configure:4703: $? = 0
configure:4703: result: yes
configure:4703: checking for inttypes.h
configure:4703: gcc -c -g -O0  conftest.c >&5
configure:4703: $? = 0
configure:4703: result: yes
configure:4703: checking for stdint.h
configure:4703: gcc -c -g -O0  conftest.c >&5
configure:4703: $? = 0
configure:4703: result: yes
configure:4703: checking for unistd.h
configure:4703: gcc -c -g -O0  conftest.c >&5
configure:4703: $? = 0
configure:4703: result: yes
configure:4718: checking locale.h usability
configure:4718: gcc -c -g -O0  conftest.c >&5
configure:4718: $? = 0
configure:4718: result: yes
configure:4718: checking locale.h presence
configure:4718: gcc -E  conftest.c
configure:4718: $? = 0
configure:4718: result: yes
configure:4718: checking for locale.h
configure:4718: result: yes
configure:4729: checking for LC_MESSAGES
configure:4745: gcc -o conftest -g -O0   conftest.c  >&5
configure:4745: $? = 0
configure:4753: result: yes
configure:4770: checking libintl.h usability
configure:4770: gcc -c -g -O0  conftest.c >&5
configure:4770: $? = 0
configure:4770: result: yes
configure:4770: checking libintl.h presence
configure:4770: gcc -E  conftest.c
configure:4770: $? = 0
configure:4770: result: yes
configure:4770: checking for libintl.h
configure:4770: result: yes
configure:4778: checking for ngettext in libc
configure:4796: gcc -o conftest -g -O0   conftest.c  >&5
configure:4796: $? = 0
configure:4805: result: yes
configure:4809: checking for dgettext in libc
configure:4827: gcc -o conftest -g -O0   conftest.c  >&5
configure:4827: $? = 0
configure:4836: result: yes
configure:4843: checking for bind_textdomain_codeset
configure:4843: gcc -o conftest -g -O0   conftest.c  >&5
configure:4843: $? = 0
configure:4843: result: yes
configure:5119: checking for msgfmt
configure:5146: result: /usr/bin/msgfmt
configure:5157: checking for dcgettext
configure:5157: gcc -o conftest -g -O0   conftest.c   >&5
conftest.c:49:6: warning: conflicting types for built-in function 'dcgettext' [enabled by default]
configure:5157: $? = 0
configure:5157: result: yes
configure:5167: checking if msgfmt accepts -c
configure:5182: $MSGFMT -c -o /dev/null conftest.foo
configure:5185: $? = 0
configure:5187: result: yes
configure:5197: checking for gmsgfmt
configure:5228: result: /usr/bin/msgfmt
configure:5238: checking for xgettext
configure:5265: result: /usr/bin/xgettext
configure:5284: gcc -o conftest -g -O0   conftest.c   >&5
configure:5284: $? = 0
configure:5451: checking build system type
configure:5465: result: x86_64-unknown-linux-gnu
configure:5485: checking host system type
configure:5498: result: x86_64-unknown-linux-gnu
configure:5539: checking how to print strings
configure:5566: result: printf
configure:5587: checking for a sed that does not truncate output
configure:5651: result: /bin/sed
configure:5669: checking for fgrep
configure:5731: result: /bin/grep -F
configure:5766: checking for ld used by gcc
configure:5833: result: /usr/bin/ld
configure:5840: checking if the linker (/usr/bin/ld) is GNU ld
configure:5855: result: yes
configure:5867: checking for BSD- or MS-compatible name lister (nm)
configure:5916: result: /usr/bin/nm -B
configure:6046: checking the name lister (/usr/bin/nm -B) interface
configure:6053: gcc -c -g -O0  conftest.c >&5
configure:6056: /usr/bin/nm -B "conftest.o"
configure:6059: output
0000000000000000 B some_variable
configure:6066: result: BSD nm
configure:6069: checking whether ln -s works
configure:6073: result: yes
configure:6081: checking the maximum length of command line arguments
configure:6206: result: 3458764513820540925
configure:6223: checking whether the shell understands some XSI constructs
configure:6233: result: yes
configure:6237: checking whether the shell understands "+="
configure:6243: result: yes
configure:6278: checking how to convert x86_64-unknown-linux-gnu file names to x86_64-unknown-linux-gnu format
configure:6318: result: func_convert_file_noop
configure:6325: checking how to convert x86_64-unknown-linux-gnu file names to toolchain format
configure:6345: result: func_convert_file_noop
configure:6352: checking for /usr/bin/ld option to reload object files
configure:6359: result: -r
configure:6433: checking for objdump
configure:6449: found /usr/bin/objdump
configure:6460: result: objdump
configure:6492: checking how to recognize dependent libraries
configure:6694: result: pass_all
configure:6779: checking for dlltool
configure:6809: result: no
configure:6839: checking how to associate runtime and link libraries
configure:6866: result: printf %s\n
configure:6926: checking for ar
configure:6942: found /usr/bin/ar
configure:6953: result: ar
configure:6990: checking for archiver @FILE support
configure:7007: gcc -c -g -O0  conftest.c >&5
configure:7007: $? = 0
configure:7010: ar cru libconftest.a @conftest.lst >&5
configure:7013: $? = 0
configure:7018: ar cru libconftest.a @conftest.lst >&5
ar: conftest.o: No such file or directory
configure:7021: $? = 1
configure:7033: result: @
configure:7091: checking for strip
configure:7107: found /usr/bin/strip
configure:7118: result: strip
configure:7190: checking for ranlib
configure:7206: found /usr/bin/ranlib
configure:7217: result: ranlib
configure:7319: checking command to parse /usr/bin/nm -B output from gcc object
configure:7438: gcc -c -g -O0  conftest.c >&5
configure:7441: $? = 0
configure:7445: /usr/bin/nm -B conftest.o \| sed -n -e 's/^.*[ ]\([ABCDGIRSTW][ABCDGIRSTW]*\)[ ][ ]*\([_A-Za-z][_A-Za-z0-9]*\)$/\1 \2 \2/p' | sed '/ __gnu_lto/d' \> conftest.nm
configure:7448: $? = 0
configure:7514: gcc -o conftest -g -O0   conftest.c conftstm.o >&5
configure:7517: $? = 0
configure:7555: result: ok
configure:7592: checking for sysroot
configure:7622: result: no
configure:7699: gcc -c -g -O0  conftest.c >&5
configure:7702: $? = 0
configure:7865: checking for mt
configure:7881: found /bin/mt
configure:7892: result: mt
configure:7915: checking if mt is a manifest tool
configure:7921: mt '-?'
configure:7929: result: no
configure:8558: checking for dlfcn.h
configure:8558: gcc -c -g -O0  conftest.c >&5
configure:8558: $? = 0
configure:8558: result: yes
configure:8745: checking for objdir
configure:8760: result: .libs
configure:9027: checking if gcc supports -fno-rtti -fno-exceptions
configure:9045: gcc -c -g -O0  -fno-rtti -fno-exceptions conftest.c >&5
cc1: warning: command line option '-fno-rtti' is valid for C++/ObjC++ but not for C [enabled by default]
configure:9049: $? = 0
configure:9062: result: no
configure:9372: checking for gcc option to produce PIC
configure:9379: result: -fPIC -DPIC
configure:9387: checking if gcc PIC flag -fPIC -DPIC works
configure:9405: gcc -c -g -O0  -fPIC -DPIC -DPIC conftest.c >&5
configure:9409: $? = 0
configure:9422: result: yes
configure:9451: checking if gcc static flag -static works
configure:9479: result: yes
configure:9494: checking if gcc supports -c -o file.o
configure:9515: gcc -c -g -O0  -o out/conftest2.o conftest.c >&5
configure:9519: $? = 0
configure:9541: result: yes
configure:9549: checking if gcc supports -c -o file.o
configure:9596: result: yes
configure:9629: checking whether the gcc linker (/usr/bin/ld -m elf_x86_64) supports shared libraries
configure:10791: result: yes
configure:10828: checking whether -lc should be explicitly linked in
configure:10836: gcc -c -g -O0  conftest.c >&5
configure:10839: $? = 0
configure:10854: gcc -shared  -fPIC -DPIC conftest.o  -v -Wl,-soname -Wl,conftest -o conftest 2\>\&1 \| /bin/grep  -lc  \>/dev/null 2\>\&1
configure:10857: $? = 0
configure:10871: result: no
configure:11036: checking dynamic linker characteristics
configure:11551: gcc -o conftest -g -O0   -Wl,-rpath -Wl,/foo conftest.c  >&5
configure:11551: $? = 0
configure:11785: result: GNU/Linux ld.so
configure:11892: checking how to hardcode library paths into programs
configure:11917: result: immediate
configure:12457: checking whether stripping libraries is possible
configure:12462: result: yes
configure:12497: checking if libtool supports shared libraries
configure:12499: result: yes
configure:12502: checking whether to build shared libraries
configure:12523: result: yes
configure:12526: checking whether to build static libraries
configure:12530: result: yes
configure:12625: checking for pkg-config
configure:12643: found /usr/bin/pkg-config
configure:12655: result: /usr/bin/pkg-config
configure:12680: checking pkg-config is at least version 0.9.0
configure:12683: result: yes
configure:12693: checking for GTK2
configure:12701: $PKG_CONFIG --exists --print-errors "gtk+-2.0
glib-2.0"
configure:12705: $? = 0
configure:12721: $PKG_CONFIG --exists --print-errors "gtk+-2.0
glib-2.0"
configure:12725: $? = 0
configure:12787: result: yes
configure:12794: checking for XMMS2
configure:12802: $PKG_CONFIG --exists --print-errors "xmms2-client-glib
xmms2-client"
configure:12806: $? = 0
configure:12822: $PKG_CONFIG --exists --print-errors "xmms2-client-glib
xmms2-client"
configure:12826: $? = 0
configure:12888: result: yes
configure:13029: creating ./config.status
configure:15293: WARNING: unrecognized options: --enable-maintainer-mode

## ---------------- ##
## Cache variables. ##
## ---------------- ##

ac_cv_build=x86_64-unknown-linux-gnu
ac_cv_c_compiler_gnu=yes
ac_cv_env_CC_set=
ac_cv_env_CC_value=
ac_cv_env_CFLAGS_set=set
ac_cv_env_CFLAGS_value='-g -O0'
ac_cv_env_CPPFLAGS_set=
ac_cv_env_CPPFLAGS_value=
ac_cv_env_CPP_set=
ac_cv_env_CPP_value=
ac_cv_env_GTK2_CFLAGS_set=
ac_cv_env_GTK2_CFLAGS_value=
ac_cv_env_GTK2_LIBS_set=
ac_cv_env_GTK2_LIBS_value=
ac_cv_env_LDFLAGS_set=
ac_cv_env_LDFLAGS_value=
ac_cv_env_LIBS_set=
ac_cv_env_LIBS_value=
ac_cv_env_PKG_CONFIG_LIBDIR_set=
ac_cv_env_PKG_CONFIG_LIBDIR_value=
ac_cv_env_PKG_CONFIG_PATH_set=
ac_cv_env_PKG_CONFIG_PATH_value=
ac_cv_env_PKG_CONFIG_set=
ac_cv_env_PKG_CONFIG_value=
ac_cv_env_XMMS2_CFLAGS_set=
ac_cv_env_XMMS2_CFLAGS_value=
ac_cv_env_XMMS2_LIBS_set=
ac_cv_env_XMMS2_LIBS_value=
ac_cv_env_build_alias_set=
ac_cv_env_build_alias_value=
ac_cv_env_host_alias_set=
ac_cv_env_host_alias_value=
ac_cv_env_target_alias_set=
ac_cv_env_target_alias_value=
ac_cv_func_bind_textdomain_codeset=yes
ac_cv_func_dcgettext=yes
ac_cv_header_dlfcn_h=yes
ac_cv_header_inttypes_h=yes
ac_cv_header_libintl_h=yes
ac_cv_header_locale_h=yes
ac_cv_header_memory_h=yes
ac_cv_header_stdc=yes
ac_cv_header_stdint_h=yes
ac_cv_header_stdlib_h=yes
ac_cv_header_string_h=yes
ac_cv_header_strings_h=yes
ac_cv_header_sys_stat_h=yes
ac_cv_header_sys_types_h=yes
ac_cv_header_unistd_h=yes
ac_cv_host=x86_64-unknown-linux-gnu
ac_cv_objext=o
ac_cv_path_EGREP='/bin/grep -E'
ac_cv_path_FGREP='/bin/grep -F'
ac_cv_path_GMSGFMT=/usr/bin/msgfmt
ac_cv_path_GREP=/bin/grep
ac_cv_path_INTLTOOL_EXTRACT=/usr/bin/intltool-extract
ac_cv_path_INTLTOOL_MERGE=/usr/bin/intltool-merge
ac_cv_path_INTLTOOL_PERL=/usr/bin/perl
ac_cv_path_INTLTOOL_UPDATE=/usr/bin/intltool-update
ac_cv_path_MSGFMT=/usr/bin/msgfmt
ac_cv_path_MSGMERGE=/usr/bin/msgmerge
ac_cv_path_SED=/bin/sed
ac_cv_path_XGETTEXT=/usr/bin/xgettext
ac_cv_path_ac_pt_PKG_CONFIG=/usr/bin/pkg-config
ac_cv_path_install='/usr/bin/install -c'
ac_cv_path_mkdir=/bin/mkdir
ac_cv_prog_AWK=mawk
ac_cv_prog_CPP='gcc -E'
ac_cv_prog_ac_ct_AR=ar
ac_cv_prog_ac_ct_CC=gcc
ac_cv_prog_ac_ct_MANIFEST_TOOL=mt
ac_cv_prog_ac_ct_OBJDUMP=objdump
ac_cv_prog_ac_ct_RANLIB=ranlib
ac_cv_prog_ac_ct_STRIP=strip
ac_cv_prog_cc_c89=
ac_cv_prog_cc_g=yes
ac_cv_prog_make_make_set=yes
am_cv_CC_dependencies_compiler_type=gcc3
am_cv_val_LC_MESSAGES=yes
gt_cv_func_dgettext_libc=yes
gt_cv_func_dgettext_libintl=no
gt_cv_func_ngettext_libc=yes
gt_cv_have_gettext=yes
lt_cv_ar_at_file=@
lt_cv_archive_cmds_need_lc=no
lt_cv_deplibs_check_method=pass_all
lt_cv_file_magic_cmd='$MAGIC_CMD'
lt_cv_file_magic_test_file=
lt_cv_ld_reload_flag=-r
lt_cv_nm_interface='BSD nm'
lt_cv_objdir=.libs
lt_cv_path_LD=/usr/bin/ld
lt_cv_path_NM='/usr/bin/nm -B'
lt_cv_path_mainfest_tool=no
lt_cv_prog_compiler_c_o=yes
lt_cv_prog_compiler_pic='-fPIC -DPIC'
lt_cv_prog_compiler_pic_works=yes
lt_cv_prog_compiler_rtti_exceptions=no
lt_cv_prog_compiler_static_works=yes
lt_cv_prog_gnu_ld=yes
lt_cv_sharedlib_from_linklib_cmd='printf %s\n'
lt_cv_shlibpath_overrides_runpath=no
lt_cv_sys_global_symbol_pipe='sed -n -e '\''s/^.*[	 ]\([ABCDGIRSTW][ABCDGIRSTW]*\)[	 ][	 ]*\([_A-Za-z][_A-Za-z0-9]*\)$/\1 \2 \2/p'\'' | sed '\''/ __gnu_lto/d'\'''
lt_cv_sys_global_symbol_to_c_name_address='sed -n -e '\''s/^: \([^ ]*\)[ ]*$/  {\"\1\", (void *) 0},/p'\'' -e '\''s/^[ABCDGIRSTW]* \([^ ]*\) \([^ ]*\)$/  {"\2", (void *) \&\2},/p'\'''
lt_cv_sys_global_symbol_to_c_name_address_lib_prefix='sed -n -e '\''s/^: \([^ ]*\)[ ]*$/  {\"\1\", (void *) 0},/p'\'' -e '\''s/^[ABCDGIRSTW]* \([^ ]*\) \(lib[^ ]*\)$/  {"\2", (void *) \&\2},/p'\'' -e '\''s/^[ABCDGIRSTW]* \([^ ]*\) \([^ ]*\)$/  {"lib\2", (void *) \&\2},/p'\'''
lt_cv_sys_global_symbol_to_cdecl='sed -n -e '\''s/^T .* \(.*\)$/extern int \1();/p'\'' -e '\''s/^[ABCDGIRSTW]* .* \(.*\)$/extern char \1;/p'\'''
lt_cv_sys_max_cmd_len=3458764513820540925
lt_cv_to_host_file_cmd=func_convert_file_noop
lt_cv_to_tool_file_cmd=func_convert_file_noop
pkg_cv_GTK2_CFLAGS='-pthread -I/usr/include/gtk-2.0 -I/usr/lib/x86_64-linux-gnu/gtk-2.0/include -I/usr/include/atk-1.0 -I/usr/include/cairo -I/usr/include/gdk-pixbuf-2.0 -I/usr/include/pango-1.0 -I/usr/include/gio-unix-2.0/ -I/usr/include/glib-2.0 -I/usr/lib/x86_64-linux-gnu/glib-2.0/include -I/usr/include/pixman-1 -I/usr/include/freetype2 -I/usr/include/libpng12  '
pkg_cv_GTK2_LIBS='-pthread -lgtk-x11-2.0 -lgdk-x11-2.0 -latk-1.0 -lgio-2.0 -lpangoft2-1.0 -lpangocairo-1.0 -lgdk_pixbuf-2.0 -lcairo -lpango-1.0 -lfreetype -lfontconfig -lgobject-2.0 -lgmodule-2.0 -lgthread-2.0 -lrt -lglib-2.0  '
pkg_cv_XMMS2_CFLAGS='-I/usr/include/xmms2  '
pkg_cv_XMMS2_LIBS='-lxmmsclient-glib -lxmmsclient  '

## ----------------- ##
## Output variables. ##
## ----------------- ##

ACLOCAL='${SHELL} /home/master/workspace/lrxmms2/missing --run aclocal-1.11'
ALL_LINGUAS=''
AMDEPBACKSLASH='\'
AMDEP_FALSE='#'
AMDEP_TRUE=''
AMTAR='${SHELL} /home/master/workspace/lrxmms2/missing --run tar'
AM_BACKSLASH='\'
AM_DEFAULT_VERBOSITY='0'
AR='ar'
AUTOCONF='${SHELL} /home/master/workspace/lrxmms2/missing --run autoconf'
AUTOHEADER='${SHELL} /home/master/workspace/lrxmms2/missing --run autoheader'
AUTOMAKE='${SHELL} /home/master/workspace/lrxmms2/missing --run automake-1.11'
AWK='mawk'
CATALOGS=''
CATOBJEXT='.gmo'
CC='gcc'
CCDEPMODE='depmode=gcc3'
CFLAGS='-g -O0'
CPP='gcc -E'
CPPFLAGS=''
CYGPATH_W='echo'
DATADIRNAME='share'
DEFS='-DHAVE_CONFIG_H'
DEPDIR='.deps'
DLLTOOL='false'
DSYMUTIL=''
DUMPBIN=''
ECHO_C=''
ECHO_N='-n'
ECHO_T=''
EGREP='/bin/grep -E'
EXEEXT=''
FGREP='/bin/grep -F'
GETTEXT_PACKAGE='lrxmms2'
GMOFILES=''
GMSGFMT='/usr/bin/msgfmt'
GREP='/bin/grep'
GTK2_CFLAGS='-pthread -I/usr/include/gtk-2.0 -I/usr/lib/x86_64-linux-gnu/gtk-2.0/include -I/usr/include/atk-1.0 -I/usr/include/cairo -I/usr/include/gdk-pixbuf-2.0 -I/usr/include/pango-1.0 -I/usr/include/gio-unix-2.0/ -I/usr/include/glib-2.0 -I/usr/lib/x86_64-linux-gnu/glib-2.0/include -I/usr/include/pixman-1 -I/usr/include/freetype2 -I/usr/include/libpng12  '
GTK2_LIBS='-pthread -lgtk-x11-2.0 -lgdk-x11-2.0 -latk-1.0 -lgio-2.0 -lpangoft2-1.0 -lpangocairo-1.0 -lgdk_pixbuf-2.0 -lcairo -lpango-1.0 -lfreetype -lfontconfig -lgobject-2.0 -lgmodule-2.0 -lgthread-2.0 -lrt -lglib-2.0  '
INSTALL_DATA='${INSTALL} -m 644'
INSTALL_PROGRAM='${INSTALL}'
INSTALL_SCRIPT='${INSTALL}'
INSTALL_STRIP_PROGRAM='$(install_sh) -c -s'
INSTOBJEXT='.mo'
INTLLIBS=''
INTLTOOL_CAVES_RULE='%.caves:     %.caves.in     $(INTLTOOL_MERGE) $(wildcard $(top_srcdir)/po/*.po) ; LC_ALL=C $(INTLTOOL_MERGE) -d -u -c $(top_builddir)/po/.intltool-merge-cache $(top_srcdir)/po $< $@'
INTLTOOL_DESKTOP_RULE='%.desktop:   %.desktop.in   $(INTLTOOL_MERGE) $(wildcard $(top_srcdir)/po/*.po) ; LC_ALL=C $(INTLTOOL_MERGE) -d -u -c $(top_builddir)/po/.intltool-merge-cache $(top_srcdir)/po $< $@'
INTLTOOL_DIRECTORY_RULE='%.directory: %.directory.in $(INTLTOOL_MERGE) $(wildcard $(top_srcdir)/po/*.po) ; LC_ALL=C $(INTLTOOL_MERGE) -d -u -c $(top_builddir)/po/.intltool-merge-cache $(top_srcdir)/po $< $@'
INTLTOOL_EXTRACT='/usr/bin/intltool-extract'
INTLTOOL_KBD_RULE='%.kbd:       %.kbd.in       $(INTLTOOL_MERGE) $(wildcard $(top_srcdir)/po/*.po) ; LC_ALL=C $(INTLTOOL_MERGE) -x -u -m -c $(top_builddir)/po/.intltool-merge-cache $(top_srcdir)/po $< $@'
INTLTOOL_KEYS_RULE='%.keys:      %.keys.in      $(INTLTOOL_MERGE) $(wildcard $(top_srcdir)/po/*.po) ; LC_ALL=C $(INTLTOOL_MERGE) -k -u -c $(top_builddir)/po/.intltool-merge-cache $(top_srcdir)/po $< $@'
INTLTOOL_MERGE='/usr/bin/intltool-merge'
INTLTOOL_OAF_RULE='%.oaf:       %.oaf.in       $(INTLTOOL_MERGE) $(wildcard $(top_srcdir)/po/*.po) ; LC_ALL=C $(INTLTOOL_MERGE) -o -p $(top_srcdir)/po $< $@'
INTLTOOL_PERL='/usr/bin/perl'
INTLTOOL_POLICY_RULE='%.policy:    %.policy.in    $(INTLTOOL_MERGE) $(wildcard $(top_srcdir)/po/*.po) ; LC_ALL=C $(INTLTOOL_MERGE) -x -u -c $(top_builddir)/po/.intltool-merge-cache $(top_srcdir)/po $< $@'
INTLTOOL_PONG_RULE='%.pong:      %.pong.in      $(INTLTOOL_MERGE) $(wildcard $(top_srcdir)/po/*.po) ; LC_ALL=C $(INTLTOOL_MERGE) -x -u -c $(top_builddir)/po/.intltool-merge-cache $(top_srcdir)/po $< $@'
INTLTOOL_PROP_RULE='%.prop:      %.prop.in      $(INTLTOOL_MERGE) $(wildcard $(top_srcdir)/po/*.po) ; LC_ALL=C $(INTLTOOL_MERGE) -d -u -c $(top_builddir)/po/.intltool-merge-cache $(top_srcdir)/po $< $@'
INTLTOOL_SCHEMAS_RULE='%.schemas:   %.schemas.in   $(INTLTOOL_MERGE) $(wildcard $(top_srcdir)/po/*.po) ; LC_ALL=C $(INTLTOOL_MERGE) -s -u -c $(top_builddir)/po/.intltool-merge-cache $(top_srcdir)/po $< $@'
INTLTOOL_SERVER_RULE='%.server:    %.server.in    $(INTLTOOL_MERGE) $(wildcard $(top_srcdir)/po/*.po) ; LC_ALL=C $(INTLTOOL_MERGE) -o -u -c $(top_builddir)/po/.intltool-merge-cache $(top_srcdir)/po $< $@'
INTLTOOL_SERVICE_RULE='%.service: %.service.in   $(INTLTOOL_MERGE) $(wildcard $(top_srcdir)/po/*.po) ; LC_ALL=C $(INTLTOOL_MERGE) -d -u -c $(top_builddir)/po/.intltool-merge-cache $(top_srcdir)/po $< $@'
INTLTOOL_SHEET_RULE='%.sheet:     %.sheet.in     $(INTLTOOL_MERGE) $(wildcard $(top_srcdir)/po/*.po) ; LC_ALL=C $(INTLTOOL_MERGE) -x -u -c $(top_builddir)/po/.intltool-merge-cache $(top_srcdir)/po $< $@'
INTLTOOL_SOUNDLIST_RULE='%.soundlist: %.soundlist.in $(INTLTOOL_MERGE) $(wildcard $(top_srcdir)/po/*.po) ; LC_ALL=C $(INTLTOOL_MERGE) -d -u -c $(top_builddir)/po/.intltool-merge-cache $(top_srcdir)/po $< $@'
INTLTOOL_THEME_RULE='%.theme:     %.theme.in     $(INTLTOOL_MERGE) $(wildcard $(top_srcdir)/po/*.po) ; LC_ALL=C $(INTLTOOL_MERGE) -d -u -c $(top_builddir)/po/.intltool-merge-cache $(top_srcdir)/po $< $@'
INTLTOOL_UI_RULE='%.ui:        %.ui.in        $(INTLTOOL_MERGE) $(wildcard $(top_srcdir)/po/*.po) ; LC_ALL=C $(INTLTOOL_MERGE) -x -u -c $(top_builddir)/po/.intltool-merge-cache $(top_srcdir)/po $< $@'
INTLTOOL_UPDATE='/usr/bin/intltool-update'
INTLTOOL_XAM_RULE='%.xam:       %.xml.in       $(INTLTOOL_MERGE) $(wildcard $(top_srcdir)/po/*.po) ; LC_ALL=C $(INTLTOOL_MERGE) -x -u -c $(top_builddir)/po/.intltool-merge-cache $(top_srcdir)/po $< $@'
INTLTOOL_XML_NOMERGE_RULE='%.xml:       %.xml.in       $(INTLTOOL_MERGE) ; LC_ALL=C $(INTLTOOL_MERGE) -x -u /tmp $< $@'
INTLTOOL_XML_RULE='%.xml:       %.xml.in       $(INTLTOOL_MERGE) $(wildcard $(top_srcdir)/po/*.po) ; LC_ALL=C $(INTLTOOL_MERGE) -x -u -c $(top_builddir)/po/.intltool-merge-cache $(top_srcdir)/po $< $@'
LD='/usr/bin/ld -m elf_x86_64'
LDFLAGS=''
LIBOBJS=''
LIBS=''
LIBTOOL='$(SHELL) $(top_builddir)/libtool'
LIPO=''
LN_S='ln -s'
LTLIBOBJS=''
MAKEINFO='${SHELL} /home/master/workspace/lrxmms2/missing --run makeinfo'
MANIFEST_TOOL=':'
MKDIR_P='/bin/mkdir -p'
MKINSTALLDIRS='/home/master/workspace/lrxmms2/mkinstalldirs'
MSGFMT='/usr/bin/msgfmt'
MSGFMT_OPTS='-c'
MSGMERGE='/usr/bin/msgmerge'
NM='/usr/bin/nm -B'
NMEDIT=''
OBJDUMP='objdump'
OBJEXT='o'
OTOOL64=''
OTOOL=''
PACKAGE='lrxmms2'
PACKAGE_BUGREPORT=''
PACKAGE_NAME='lrxmms2'
PACKAGE_STRING='lrxmms2 0.1'
PACKAGE_TARNAME='lrxmms2'
PACKAGE_URL=''
PACKAGE_VERSION='0.1'
PATH_SEPARATOR=':'
PKG_CONFIG='/usr/bin/pkg-config'
PKG_CONFIG_LIBDIR=''
PKG_CONFIG_PATH=''
POFILES=''
POSUB='po'
PO_IN_DATADIR_FALSE=''
PO_IN_DATADIR_TRUE=''
RANLIB='ranlib'
SED='/bin/sed'
SET_MAKE=''
SHELL='/bin/bash'
STRIP='strip'
USE_NLS='yes'
VERSION='0.1'
XGETTEXT='/usr/bin/xgettext'
XMMS2_CFLAGS='-I/usr/include/xmms2  '
XMMS2_LIBS='-lxmmsclient-glib -lxmmsclient  '
ac_ct_AR='ar'
ac_ct_CC='gcc'
ac_ct_DUMPBIN=''
am__EXEEXT_FALSE=''
am__EXEEXT_TRUE='#'
am__fastdepCC_FALSE='#'
am__fastdepCC_TRUE=''
am__include='include'
am__isrc=' -I$(srcdir)'
am__leading_dot='.'
am__quote=''
am__tar='${AMTAR} chof - "$$tardir"'
am__untar='${AMTAR} xf -'
bindir='${exec_prefix}/bin'
build='x86_64-unknown-linux-gnu'
build_alias=''
build_cpu='x86_64'
build_os='linux-gnu'
build_vendor='unknown'
datadir='${datarootdir}'
datarootdir='${prefix}/share'
docdir='${datarootdir}/doc/${PACKAGE_TARNAME}'
dvidir='${docdir}'
exec_prefix='${prefix}'
host='x86_64-unknown-linux-gnu'
host_alias=''
host_cpu='x86_64'
host_os='linux-gnu'
host_vendor='unknown'
htmldir='${docdir}'
includedir='${prefix}/include'
infodir='${datarootdir}/info'
install_sh='${SHELL} /home/master/workspace/lrxmms2/install-sh'
libdir='${exec_prefix}/lib'
libexecdir='${exec_prefix}/libexec'
localedir='${datarootdir}/locale'
localstatedir='${prefix}/var'
mandir='${datarootdir}/man'
mkdir_p='/bin/mkdir -p'
oldincludedir='/usr/include'
pdfdir='${docdir}'
prefix='/usr/local'
program_transform_name='s,x,x,'
psdir='${docdir}'
sbindir='${exec_prefix}/sbin'
sharedstatedir='${prefix}/com'
sysconfdir='${prefix}/etc'
target_alias=''

## ----------- ##
## confdefs.h. ##
## ----------- ##

/* confdefs.h */
#define PACKAGE_NAME "lrxmms2"
#define PACKAGE_TARNAME "lrxmms2"
#define PACKAGE_VERSION "0.1"
#define PACKAGE_STRING "lrxmms2 0.1"
#define PACKAGE_BUGREPORT ""
#define PACKAGE_URL ""
#define PACKAGE "lrxmms2"
#define VERSION "0.1"
#define GETTEXT_PACKAGE "lrxmms2"
#define STDC_HEADERS 1
#define HAVE_SYS_TYPES_H 1
#define HAVE_SYS_STAT_H 1
#define HAVE_STDLIB_H 1
#define HAVE_STRING_H 1
#define HAVE_MEMORY_H 1
#define HAVE_STRINGS_H 1
#define HAVE_INTTYPES_H 1
#define HAVE_STDINT_H 1
#define HAVE_UNISTD_H 1
#define HAVE_LOCALE_H 1
#define HAVE_LC_MESSAGES 1
#define HAVE_BIND_TEXTDOMAIN_CODESET 1
#define HAVE_GETTEXT 1
#define HAVE_DCGETTEXT 1
#define ENABLE_NLS 1
#define HAVE_DLFCN_H 1
#define LT_OBJDIR ".libs/"

configure: exit 0

## ---------------------- ##
## Running config.status. ##
## ---------------------- ##

This file was extended by lrxmms2 config.status 0.1, which was
generated by GNU Autoconf 2.68.  Invocation command line was

  CONFIG_FILES    = 
  CONFIG_HEADERS  = 
  CONFIG_LINKS    = 
  CONFIG_COMMANDS = 
  $ ./config.status 

on master-laptop

config.status:1171: creating Makefile
config.status:1171: creating src/Makefile
config.status:1171: creating po/Makefile.in
config.status:1171: creating src/entities/Makefile
config.status:1171: creating config.h
config.status:1385: executing depfiles commands
config.status:1385: executing default-1 commands
config.status:1385: executing libtool commands
config.status:1385: executing po/stamp-it commands

## ---------------------- ##
## Running config.status. ##
## ---------------------- ##

This file was extended by lrxmms2 config.status 0.1, which was
generated by GNU Autoconf 2.68.  Invocation command line was

  CONFIG_FILES    = 
  CONFIG_HEADERS  = 
  CONFIG_LINKS    = 
  CONFIG_COMMANDS = 
  $ ./config.status config.h

on master-laptop

config.status:1171: creating config.h
config.status:1337: config.h is unchanged

## ---------------------- ##
## Running config.status. ##
## ---------------------- ##

This file was extended by lrxmms2 config.status 0.1, which was
generated by GNU Autoconf 2.68.  Invocation command line was

  CONFIG_FILES    = 
  CONFIG_HEADERS  = 
  CONFIG_LINKS    = 
  CONFIG_COMMANDS = 
  $ ./config.status src/Makefile depfiles

on master-laptop

config.status:1171: creating src/Makefile
config.status:1385: executing depfiles commands

## ---------------------- ##
## Running config.status. ##
## ---------------------- ##

This file was extended by lrxmms2 config.status 0.1, which was
generated by GNU Autoconf 2.68.  Invocation command line was

  CONFIG_FILES    = 
  CONFIG_HEADERS  = 
  CONFIG_LINKS    = 
  CONFIG_COMMANDS = 
  $ ./config.status src/entities/Makefile

on master-laptop


## ---------------------- ##
## Running config.status. ##
## ---------------------- ##

This file was extended by lrxmms2 config.status 0.1, which was
generated by GNU Autoconf 2.68.  Invocation command line was

  CONFIG_FILES    = 
  CONFIG_HEADERS  = 
  CONFIG_LINKS    = 
  CONFIG_COMMANDS = 
  $ ./config.status src/entities/Makefile

on master-laptop

config.status:1171: creating src/entities/Makefile
config.status:1171: creating src/entities/Makefile

## ---------------------- ##
## Running config.status. ##
## ---------------------- ##

This file was extended by lrxmms2 config.status 0.1, which was
generated by GNU Autoconf 2.68.  Invocation command line was

  CONFIG_FILES    = 
  CONFIG_HEADERS  = 
  CONFIG_LINKS    = 
  CONFIG_COMMANDS = 
  $ ./config.status src/Makefile depfiles

on fuckup

config.status:1171: creating src/Makefile
config.status:1385: executing depfiles commands

## ---------------------- ##
## Running config.status. ##
## ---------------------- ##

This file was extended by lrxmms2 config.status 0.1, which was
generated by GNU Autoconf 2.68.  Invocation command line was

  CONFIG_FILES    = 
  CONFIG_HEADERS  = 
  CONFIG_LINKS    = 
  CONFIG_COMMANDS = 
  $ ./config.status Makefile

on fuckup

config.status:1171: creating Makefile

## ---------------------- ##
## Running config.status. ##
## ---------------------- ##

This file was extended by lrxmms2 config.status 0.1, which was
generated by GNU Autoconf 2.68.  Invocation command line was

  CONFIG_FILES    = 
  CONFIG_HEADERS  = 
  CONFIG_LINKS    = 
  CONFIG_COMMANDS = 
  $ ./config.status src/entities/Makefile

on fuckup

config.status:1171: creating src/entities/Makefile

## ---------------------- ##
## Running config.status. ##
## ---------------------- ##

This file was extended by lrxmms2 config.status 0.1, which was
generated by GNU Autoconf 2.68.  Invocation command line was

  CONFIG_FILES    = 
  CONFIG_HEADERS  = 
  CONFIG_LINKS    = 
  CONFIG_COMMANDS = 
  $ ./config.status src/Makefile depfiles

on fuckup

config.status:1171: creating src/Makefile
config.status:1385: executing depfiles commands

## ---------------------- ##
## Running config.status. ##
## ---------------------- ##

This file was extended by lrxmms2 config.status 0.1, which was
generated by GNU Autoconf 2.68.  Invocation command line was

  CONFIG_FILES    = 
  CONFIG_HEADERS  = 
  CONFIG_LINKS    = 
  CONFIG_COMMANDS = 
  $ ./config.status Makefile

on fuckup

config.status:1171: creating Makefile

## ---------------------- ##
## Running config.status. ##
## ---------------------- ##

This file was extended by lrxmms2 config.status 0.1, which was
generated by GNU Autoconf 2.68.  Invocation command line was

  CONFIG_FILES    = 
  CONFIG_HEADERS  = 
  CONFIG_LINKS    = 
  CONFIG_COMMANDS = 
  $ ./config.status src/entities/Makefile

on fuckup

config.status:1171: creating src/entities/Makefile
